[INFO  - 2017-02-23T21:04:52.610Z] GhostDriver - Main - running on port 30600
[INFO  - 2017-02-23T21:04:53.029Z] Session [b89cb200-fa0b-11e6-9ee3-e1e820de6405] - page.settings - {"XSSAuditingEnabled":false,"javascriptCanCloseWindows":true,"javascriptCanOpenWindows":true,"javascriptEnabled":true,"loadImages":true,"localToRemoteUrlAccessEnabled":false,"userAgent":"Mozilla/5.0 (Macintosh; Intel Mac OS X) AppleWebKit/538.1 (KHTML, like Gecko) PhantomJS/2.1.1 Safari/538.1","webSecurityEnabled":true}
[INFO  - 2017-02-23T21:04:53.029Z] Session [b89cb200-fa0b-11e6-9ee3-e1e820de6405] - page.customHeaders:  - {}
[INFO  - 2017-02-23T21:04:53.029Z] Session [b89cb200-fa0b-11e6-9ee3-e1e820de6405] - Session.negotiatedCapabilities - {"browserName":"phantomjs","version":"2.1.1","driverName":"ghostdriver","driverVersion":"1.2.0","platform":"mac-unknown-64bit","javascriptEnabled":true,"takesScreenshot":true,"handlesAlerts":false,"databaseEnabled":false,"locationContextEnabled":false,"applicationCacheEnabled":false,"browserConnectionEnabled":false,"cssSelectorsEnabled":true,"webStorageEnabled":false,"rotatable":false,"acceptSslCerts":false,"nativeEvents":true,"proxy":{"proxyType":"direct"}}
[INFO  - 2017-02-23T21:04:53.029Z] SessionManagerReqHand - _postNewSessionCommand - New Session Created: b89cb200-fa0b-11e6-9ee3-e1e820de6405
[INFO  - 2017-02-23T21:09:52.808Z] SessionManagerReqHand - _cleanupWindowlessSessions - Asynchronous Sessions clean-up phase starting NOW
[INFO  - 2017-02-23T21:09:52.809Z] SessionManagerReqHand - _cleanupWindowlessSessions - Deleted Session 'b89cb200-fa0b-11e6-9ee3-e1e820de6405', because windowless
[INFO  - 2017-02-23T21:12:57.616Z] GhostDriver - Main - running on port 35012
[INFO  - 2017-02-23T21:12:57.800Z] Session [d98f0840-fa0c-11e6-b9ef-7b13dd080627] - page.settings - {"XSSAuditingEnabled":false,"javascriptCanCloseWindows":true,"javascriptCanOpenWindows":true,"javascriptEnabled":true,"loadImages":true,"localToRemoteUrlAccessEnabled":false,"userAgent":"Mozilla/5.0 (Macintosh; Intel Mac OS X) AppleWebKit/538.1 (KHTML, like Gecko) PhantomJS/2.1.1 Safari/538.1","webSecurityEnabled":true}
[INFO  - 2017-02-23T21:12:57.800Z] Session [d98f0840-fa0c-11e6-b9ef-7b13dd080627] - page.customHeaders:  - {}
[INFO  - 2017-02-23T21:12:57.801Z] Session [d98f0840-fa0c-11e6-b9ef-7b13dd080627] - Session.negotiatedCapabilities - {"browserName":"phantomjs","version":"2.1.1","driverName":"ghostdriver","driverVersion":"1.2.0","platform":"mac-unknown-64bit","javascriptEnabled":true,"takesScreenshot":true,"handlesAlerts":false,"databaseEnabled":false,"locationContextEnabled":false,"applicationCacheEnabled":false,"browserConnectionEnabled":false,"cssSelectorsEnabled":true,"webStorageEnabled":false,"rotatable":false,"acceptSslCerts":false,"nativeEvents":true,"proxy":{"proxyType":"direct"}}
[INFO  - 2017-02-23T21:12:57.801Z] SessionManagerReqHand - _postNewSessionCommand - New Session Created: d98f0840-fa0c-11e6-b9ef-7b13dd080627
[ERROR - 2017-02-23T21:12:58.269Z] WebElementLocator - _handleLocateCommand - Element(s) NOT Found: GAVE UP. Search Stop Time: 1487884378261
[INFO  - 2017-02-23T21:17:57.828Z] SessionManagerReqHand - _cleanupWindowlessSessions - Asynchronous Sessions clean-up phase starting NOW
[INFO  - 2017-02-23T21:17:57.830Z] SessionManagerReqHand - _cleanupWindowlessSessions - Deleted Session 'd98f0840-fa0c-11e6-b9ef-7b13dd080627', because windowless
[INFO  - 2017-02-23T21:18:41.801Z] GhostDriver - Main - running on port 9769
[INFO  - 2017-02-23T21:18:41.990Z] Session [a6b5a5e0-fa0d-11e6-8f4d-9d377109ba29] - page.settings - {"XSSAuditingEnabled":false,"javascriptCanCloseWindows":true,"javascriptCanOpenWindows":true,"javascriptEnabled":true,"loadImages":true,"localToRemoteUrlAccessEnabled":false,"userAgent":"Mozilla/5.0 (Macintosh; Intel Mac OS X) AppleWebKit/538.1 (KHTML, like Gecko) PhantomJS/2.1.1 Safari/538.1","webSecurityEnabled":true}
[INFO  - 2017-02-23T21:18:41.990Z] Session [a6b5a5e0-fa0d-11e6-8f4d-9d377109ba29] - page.customHeaders:  - {}
[INFO  - 2017-02-23T21:18:41.991Z] Session [a6b5a5e0-fa0d-11e6-8f4d-9d377109ba29] - Session.negotiatedCapabilities - {"browserName":"phantomjs","version":"2.1.1","driverName":"ghostdriver","driverVersion":"1.2.0","platform":"mac-unknown-64bit","javascriptEnabled":true,"takesScreenshot":true,"handlesAlerts":false,"databaseEnabled":false,"locationContextEnabled":false,"applicationCacheEnabled":false,"browserConnectionEnabled":false,"cssSelectorsEnabled":true,"webStorageEnabled":false,"rotatable":false,"acceptSslCerts":false,"nativeEvents":true,"proxy":{"proxyType":"direct"}}
[INFO  - 2017-02-23T21:18:41.991Z] SessionManagerReqHand - _postNewSessionCommand - New Session Created: a6b5a5e0-fa0d-11e6-8f4d-9d377109ba29
[INFO  - 2017-02-23T21:19:43.126Z] GhostDriver - Main - running on port 23643
[INFO  - 2017-02-23T21:19:43.397Z] Session [cb4fc3e0-fa0d-11e6-a1fd-bfbef52b09eb] - page.settings - {"XSSAuditingEnabled":false,"javascriptCanCloseWindows":true,"javascriptCanOpenWindows":true,"javascriptEnabled":true,"loadImages":true,"localToRemoteUrlAccessEnabled":false,"userAgent":"Mozilla/5.0 (Macintosh; Intel Mac OS X) AppleWebKit/538.1 (KHTML, like Gecko) PhantomJS/2.1.1 Safari/538.1","webSecurityEnabled":true}
[INFO  - 2017-02-23T21:19:43.397Z] Session [cb4fc3e0-fa0d-11e6-a1fd-bfbef52b09eb] - page.customHeaders:  - {}
[INFO  - 2017-02-23T21:19:43.397Z] Session [cb4fc3e0-fa0d-11e6-a1fd-bfbef52b09eb] - Session.negotiatedCapabilities - {"browserName":"phantomjs","version":"2.1.1","driverName":"ghostdriver","driverVersion":"1.2.0","platform":"mac-unknown-64bit","javascriptEnabled":true,"takesScreenshot":true,"handlesAlerts":false,"databaseEnabled":false,"locationContextEnabled":false,"applicationCacheEnabled":false,"browserConnectionEnabled":false,"cssSelectorsEnabled":true,"webStorageEnabled":false,"rotatable":false,"acceptSslCerts":false,"nativeEvents":true,"proxy":{"proxyType":"direct"}}
[INFO  - 2017-02-23T21:19:43.397Z] SessionManagerReqHand - _postNewSessionCommand - New Session Created: cb4fc3e0-fa0d-11e6-a1fd-bfbef52b09eb
[INFO  - 2017-02-23T21:21:01.494Z] GhostDriver - Main - running on port 46687
[INFO  - 2017-02-23T21:21:01.616Z] Session [f9eebb70-fa0d-11e6-8be9-23db6875fbb3] - page.settings - {"XSSAuditingEnabled":false,"javascriptCanCloseWindows":true,"javascriptCanOpenWindows":true,"javascriptEnabled":true,"loadImages":true,"localToRemoteUrlAccessEnabled":false,"userAgent":"Mozilla/5.0 (Macintosh; Intel Mac OS X) AppleWebKit/538.1 (KHTML, like Gecko) PhantomJS/2.1.1 Safari/538.1","webSecurityEnabled":true}
[INFO  - 2017-02-23T21:21:01.616Z] Session [f9eebb70-fa0d-11e6-8be9-23db6875fbb3] - page.customHeaders:  - {}
[INFO  - 2017-02-23T21:21:01.616Z] Session [f9eebb70-fa0d-11e6-8be9-23db6875fbb3] - Session.negotiatedCapabilities - {"browserName":"phantomjs","version":"2.1.1","driverName":"ghostdriver","driverVersion":"1.2.0","platform":"mac-unknown-64bit","javascriptEnabled":true,"takesScreenshot":true,"handlesAlerts":false,"databaseEnabled":false,"locationContextEnabled":false,"applicationCacheEnabled":false,"browserConnectionEnabled":false,"cssSelectorsEnabled":true,"webStorageEnabled":false,"rotatable":false,"acceptSslCerts":false,"nativeEvents":true,"proxy":{"proxyType":"direct"}}
[INFO  - 2017-02-23T21:21:01.616Z] SessionManagerReqHand - _postNewSessionCommand - New Session Created: f9eebb70-fa0d-11e6-8be9-23db6875fbb3
[INFO  - 2017-02-23T21:23:26.622Z] GhostDriver - Main - running on port 28699
[INFO  - 2017-02-23T21:23:27.074Z] Session [50a29fe0-fa0e-11e6-a34d-0334ebc1d581] - page.settings - {"XSSAuditingEnabled":false,"javascriptCanCloseWindows":true,"javascriptCanOpenWindows":true,"javascriptEnabled":true,"loadImages":true,"localToRemoteUrlAccessEnabled":false,"userAgent":"Mozilla/5.0 (Macintosh; Intel Mac OS X) AppleWebKit/538.1 (KHTML, like Gecko) PhantomJS/2.1.1 Safari/538.1","webSecurityEnabled":true}
[INFO  - 2017-02-23T21:23:27.074Z] Session [50a29fe0-fa0e-11e6-a34d-0334ebc1d581] - page.customHeaders:  - {}
[INFO  - 2017-02-23T21:23:27.074Z] Session [50a29fe0-fa0e-11e6-a34d-0334ebc1d581] - Session.negotiatedCapabilities - {"browserName":"phantomjs","version":"2.1.1","driverName":"ghostdriver","driverVersion":"1.2.0","platform":"mac-unknown-64bit","javascriptEnabled":true,"takesScreenshot":true,"handlesAlerts":false,"databaseEnabled":false,"locationContextEnabled":false,"applicationCacheEnabled":false,"browserConnectionEnabled":false,"cssSelectorsEnabled":true,"webStorageEnabled":false,"rotatable":false,"acceptSslCerts":false,"nativeEvents":true,"proxy":{"proxyType":"direct"}}
[INFO  - 2017-02-23T21:23:27.074Z] SessionManagerReqHand - _postNewSessionCommand - New Session Created: 50a29fe0-fa0e-11e6-a34d-0334ebc1d581
[INFO  - 2017-02-23T21:23:41.842Z] SessionManagerReqHand - _cleanupWindowlessSessions - Asynchronous Sessions clean-up phase starting NOW
[INFO  - 2017-02-23T21:23:41.843Z] SessionManagerReqHand - _cleanupWindowlessSessions - Deleted Session 'a6b5a5e0-fa0d-11e6-8f4d-9d377109ba29', because windowless
[INFO  - 2017-02-23T21:24:43.145Z] SessionManagerReqHand - _cleanupWindowlessSessions - Asynchronous Sessions clean-up phase starting NOW
[INFO  - 2017-02-23T21:24:43.145Z] SessionManagerReqHand - _cleanupWindowlessSessions - Deleted Session 'cb4fc3e0-fa0d-11e6-a1fd-bfbef52b09eb', because windowless
[INFO  - 2017-02-23T21:26:01.509Z] SessionManagerReqHand - _cleanupWindowlessSessions - Asynchronous Sessions clean-up phase starting NOW
[INFO  - 2017-02-23T21:26:01.510Z] SessionManagerReqHand - _cleanupWindowlessSessions - Deleted Session 'f9eebb70-fa0d-11e6-8be9-23db6875fbb3', because windowless
[INFO  - 2017-02-23T21:28:26.856Z] SessionManagerReqHand - _cleanupWindowlessSessions - Asynchronous Sessions clean-up phase starting NOW
[INFO  - 2017-02-23T21:28:26.857Z] SessionManagerReqHand - _cleanupWindowlessSessions - Deleted Session '50a29fe0-fa0e-11e6-a34d-0334ebc1d581', because windowless
[INFO  - 2017-02-23T21:28:27.113Z] GhostDriver - Main - running on port 38421
[INFO  - 2017-02-23T21:28:27.328Z] Session [0398fc70-fa0f-11e6-94b5-e1d40d588eae] - page.settings - {"XSSAuditingEnabled":false,"javascriptCanCloseWindows":true,"javascriptCanOpenWindows":true,"javascriptEnabled":true,"loadImages":true,"localToRemoteUrlAccessEnabled":false,"userAgent":"Mozilla/5.0 (Macintosh; Intel Mac OS X) AppleWebKit/538.1 (KHTML, like Gecko) PhantomJS/2.1.1 Safari/538.1","webSecurityEnabled":true}
[INFO  - 2017-02-23T21:28:27.328Z] Session [0398fc70-fa0f-11e6-94b5-e1d40d588eae] - page.customHeaders:  - {}
[INFO  - 2017-02-23T21:28:27.328Z] Session [0398fc70-fa0f-11e6-94b5-e1d40d588eae] - Session.negotiatedCapabilities - {"browserName":"phantomjs","version":"2.1.1","driverName":"ghostdriver","driverVersion":"1.2.0","platform":"mac-unknown-64bit","javascriptEnabled":true,"takesScreenshot":true,"handlesAlerts":false,"databaseEnabled":false,"locationContextEnabled":false,"applicationCacheEnabled":false,"browserConnectionEnabled":false,"cssSelectorsEnabled":true,"webStorageEnabled":false,"rotatable":false,"acceptSslCerts":false,"nativeEvents":true,"proxy":{"proxyType":"direct"}}
[INFO  - 2017-02-23T21:28:27.328Z] SessionManagerReqHand - _postNewSessionCommand - New Session Created: 0398fc70-fa0f-11e6-94b5-e1d40d588eae
[INFO  - 2017-02-23T21:32:11.870Z] GhostDriver - Main - running on port 24603
[INFO  - 2017-02-23T21:32:12.603Z] Session [89dfae50-fa0f-11e6-93ff-d31498f86a81] - page.settings - {"XSSAuditingEnabled":false,"javascriptCanCloseWindows":true,"javascriptCanOpenWindows":true,"javascriptEnabled":true,"loadImages":true,"localToRemoteUrlAccessEnabled":false,"userAgent":"Mozilla/5.0 (Macintosh; Intel Mac OS X) AppleWebKit/538.1 (KHTML, like Gecko) PhantomJS/2.1.1 Safari/538.1","webSecurityEnabled":true}
[INFO  - 2017-02-23T21:32:12.603Z] Session [89dfae50-fa0f-11e6-93ff-d31498f86a81] - page.customHeaders:  - {}
[INFO  - 2017-02-23T21:32:12.604Z] Session [89dfae50-fa0f-11e6-93ff-d31498f86a81] - Session.negotiatedCapabilities - {"browserName":"phantomjs","version":"2.1.1","driverName":"ghostdriver","driverVersion":"1.2.0","platform":"mac-unknown-64bit","javascriptEnabled":true,"takesScreenshot":true,"handlesAlerts":false,"databaseEnabled":false,"locationContextEnabled":false,"applicationCacheEnabled":false,"browserConnectionEnabled":false,"cssSelectorsEnabled":true,"webStorageEnabled":false,"rotatable":false,"acceptSslCerts":false,"nativeEvents":true,"proxy":{"proxyType":"direct"}}
[INFO  - 2017-02-23T21:32:12.604Z] SessionManagerReqHand - _postNewSessionCommand - New Session Created: 89dfae50-fa0f-11e6-93ff-d31498f86a81
[INFO  - 2017-02-23T21:32:43.138Z] GhostDriver - Main - running on port 42563
[INFO  - 2017-02-23T21:32:43.664Z] Session [9c630f90-fa0f-11e6-936e-a1c3bbd05133] - page.settings - {"XSSAuditingEnabled":false,"javascriptCanCloseWindows":true,"javascriptCanOpenWindows":true,"javascriptEnabled":true,"loadImages":true,"localToRemoteUrlAccessEnabled":false,"userAgent":"Mozilla/5.0 (Macintosh; Intel Mac OS X) AppleWebKit/538.1 (KHTML, like Gecko) PhantomJS/2.1.1 Safari/538.1","webSecurityEnabled":true}
[INFO  - 2017-02-23T21:32:43.664Z] Session [9c630f90-fa0f-11e6-936e-a1c3bbd05133] - page.customHeaders:  - {}
[INFO  - 2017-02-23T21:32:43.664Z] Session [9c630f90-fa0f-11e6-936e-a1c3bbd05133] - Session.negotiatedCapabilities - {"browserName":"phantomjs","version":"2.1.1","driverName":"ghostdriver","driverVersion":"1.2.0","platform":"mac-unknown-64bit","javascriptEnabled":true,"takesScreenshot":true,"handlesAlerts":false,"databaseEnabled":false,"locationContextEnabled":false,"applicationCacheEnabled":false,"browserConnectionEnabled":false,"cssSelectorsEnabled":true,"webStorageEnabled":false,"rotatable":false,"acceptSslCerts":false,"nativeEvents":true,"proxy":{"proxyType":"direct"}}
[INFO  - 2017-02-23T21:32:43.664Z] SessionManagerReqHand - _postNewSessionCommand - New Session Created: 9c630f90-fa0f-11e6-936e-a1c3bbd05133
[INFO  - 2017-02-23T21:32:54.426Z] GhostDriver - Main - running on port 28249
[INFO  - 2017-02-23T21:32:54.757Z] Session [a3000600-fa0f-11e6-ae08-1bca8d28bb96] - page.settings - {"XSSAuditingEnabled":false,"javascriptCanCloseWindows":true,"javascriptCanOpenWindows":true,"javascriptEnabled":true,"loadImages":true,"localToRemoteUrlAccessEnabled":false,"userAgent":"Mozilla/5.0 (Macintosh; Intel Mac OS X) AppleWebKit/538.1 (KHTML, like Gecko) PhantomJS/2.1.1 Safari/538.1","webSecurityEnabled":true}
[INFO  - 2017-02-23T21:32:54.757Z] Session [a3000600-fa0f-11e6-ae08-1bca8d28bb96] - page.customHeaders:  - {}
[INFO  - 2017-02-23T21:32:54.757Z] Session [a3000600-fa0f-11e6-ae08-1bca8d28bb96] - Session.negotiatedCapabilities - {"browserName":"phantomjs","version":"2.1.1","driverName":"ghostdriver","driverVersion":"1.2.0","platform":"mac-unknown-64bit","javascriptEnabled":true,"takesScreenshot":true,"handlesAlerts":false,"databaseEnabled":false,"locationContextEnabled":false,"applicationCacheEnabled":false,"browserConnectionEnabled":false,"cssSelectorsEnabled":true,"webStorageEnabled":false,"rotatable":false,"acceptSslCerts":false,"nativeEvents":true,"proxy":{"proxyType":"direct"}}
[INFO  - 2017-02-23T21:32:54.757Z] SessionManagerReqHand - _postNewSessionCommand - New Session Created: a3000600-fa0f-11e6-ae08-1bca8d28bb96
[INFO  - 2017-02-23T21:33:12.744Z] GhostDriver - Main - running on port 20044
[INFO  - 2017-02-23T21:33:13.056Z] Session [ade77760-fa0f-11e6-ae9c-ff2ff79266d3] - page.settings - {"XSSAuditingEnabled":false,"javascriptCanCloseWindows":true,"javascriptCanOpenWindows":true,"javascriptEnabled":true,"loadImages":true,"localToRemoteUrlAccessEnabled":false,"userAgent":"Mozilla/5.0 (Macintosh; Intel Mac OS X) AppleWebKit/538.1 (KHTML, like Gecko) PhantomJS/2.1.1 Safari/538.1","webSecurityEnabled":true}
[INFO  - 2017-02-23T21:33:13.057Z] Session [ade77760-fa0f-11e6-ae9c-ff2ff79266d3] - page.customHeaders:  - {}
[INFO  - 2017-02-23T21:33:13.057Z] Session [ade77760-fa0f-11e6-ae9c-ff2ff79266d3] - Session.negotiatedCapabilities - {"browserName":"phantomjs","version":"2.1.1","driverName":"ghostdriver","driverVersion":"1.2.0","platform":"mac-unknown-64bit","javascriptEnabled":true,"takesScreenshot":true,"handlesAlerts":false,"databaseEnabled":false,"locationContextEnabled":false,"applicationCacheEnabled":false,"browserConnectionEnabled":false,"cssSelectorsEnabled":true,"webStorageEnabled":false,"rotatable":false,"acceptSslCerts":false,"nativeEvents":true,"proxy":{"proxyType":"direct"}}
[INFO  - 2017-02-23T21:33:13.058Z] SessionManagerReqHand - _postNewSessionCommand - New Session Created: ade77760-fa0f-11e6-ae9c-ff2ff79266d3
[INFO  - 2017-02-23T21:33:23.705Z] GhostDriver - Main - running on port 33318
[INFO  - 2017-02-23T21:33:24.154Z] Session [b4857f40-fa0f-11e6-b9c3-a325ae15a969] - page.settings - {"XSSAuditingEnabled":false,"javascriptCanCloseWindows":true,"javascriptCanOpenWindows":true,"javascriptEnabled":true,"loadImages":true,"localToRemoteUrlAccessEnabled":false,"userAgent":"Mozilla/5.0 (Macintosh; Intel Mac OS X) AppleWebKit/538.1 (KHTML, like Gecko) PhantomJS/2.1.1 Safari/538.1","webSecurityEnabled":true}
[INFO  - 2017-02-23T21:33:24.154Z] Session [b4857f40-fa0f-11e6-b9c3-a325ae15a969] - page.customHeaders:  - {}
[INFO  - 2017-02-23T21:33:24.154Z] Session [b4857f40-fa0f-11e6-b9c3-a325ae15a969] - Session.negotiatedCapabilities - {"browserName":"phantomjs","version":"2.1.1","driverName":"ghostdriver","driverVersion":"1.2.0","platform":"mac-unknown-64bit","javascriptEnabled":true,"takesScreenshot":true,"handlesAlerts":false,"databaseEnabled":false,"locationContextEnabled":false,"applicationCacheEnabled":false,"browserConnectionEnabled":false,"cssSelectorsEnabled":true,"webStorageEnabled":false,"rotatable":false,"acceptSslCerts":false,"nativeEvents":true,"proxy":{"proxyType":"direct"}}
[INFO  - 2017-02-23T21:33:24.154Z] SessionManagerReqHand - _postNewSessionCommand - New Session Created: b4857f40-fa0f-11e6-b9c3-a325ae15a969
[INFO  - 2017-02-23T21:33:27.127Z] SessionManagerReqHand - _cleanupWindowlessSessions - Asynchronous Sessions clean-up phase starting NOW
[INFO  - 2017-02-23T21:33:27.127Z] SessionManagerReqHand - _cleanupWindowlessSessions - Deleted Session '0398fc70-fa0f-11e6-94b5-e1d40d588eae', because windowless
[INFO  - 2017-02-23T21:34:10.439Z] GhostDriver - Main - running on port 46788
[INFO  - 2017-02-23T21:34:10.648Z] Session [d03c1230-fa0f-11e6-8aa5-8b4539dde1ca] - page.settings - {"XSSAuditingEnabled":false,"javascriptCanCloseWindows":true,"javascriptCanOpenWindows":true,"javascriptEnabled":true,"loadImages":true,"localToRemoteUrlAccessEnabled":false,"userAgent":"Mozilla/5.0 (Macintosh; Intel Mac OS X) AppleWebKit/538.1 (KHTML, like Gecko) PhantomJS/2.1.1 Safari/538.1","webSecurityEnabled":true}
[INFO  - 2017-02-23T21:34:10.649Z] Session [d03c1230-fa0f-11e6-8aa5-8b4539dde1ca] - page.customHeaders:  - {}
[INFO  - 2017-02-23T21:34:10.649Z] Session [d03c1230-fa0f-11e6-8aa5-8b4539dde1ca] - Session.negotiatedCapabilities - {"browserName":"phantomjs","version":"2.1.1","driverName":"ghostdriver","driverVersion":"1.2.0","platform":"mac-unknown-64bit","javascriptEnabled":true,"takesScreenshot":true,"handlesAlerts":false,"databaseEnabled":false,"locationContextEnabled":false,"applicationCacheEnabled":false,"browserConnectionEnabled":false,"cssSelectorsEnabled":true,"webStorageEnabled":false,"rotatable":false,"acceptSslCerts":false,"nativeEvents":true,"proxy":{"proxyType":"direct"}}
[INFO  - 2017-02-23T21:34:10.649Z] SessionManagerReqHand - _postNewSessionCommand - New Session Created: d03c1230-fa0f-11e6-8aa5-8b4539dde1ca
[INFO  - 2017-02-23T21:35:28.618Z] GhostDriver - Main - running on port 32942
[INFO  - 2017-02-23T21:35:28.766Z] Session [fecbee90-fa0f-11e6-af9c-214351f3e8a4] - page.settings - {"XSSAuditingEnabled":false,"javascriptCanCloseWindows":true,"javascriptCanOpenWindows":true,"javascriptEnabled":true,"loadImages":true,"localToRemoteUrlAccessEnabled":false,"userAgent":"Mozilla/5.0 (Macintosh; Intel Mac OS X) AppleWebKit/538.1 (KHTML, like Gecko) PhantomJS/2.1.1 Safari/538.1","webSecurityEnabled":true}
[INFO  - 2017-02-23T21:35:28.767Z] Session [fecbee90-fa0f-11e6-af9c-214351f3e8a4] - page.customHeaders:  - {}
[INFO  - 2017-02-23T21:35:28.767Z] Session [fecbee90-fa0f-11e6-af9c-214351f3e8a4] - Session.negotiatedCapabilities - {"browserName":"phantomjs","version":"2.1.1","driverName":"ghostdriver","driverVersion":"1.2.0","platform":"mac-unknown-64bit","javascriptEnabled":true,"takesScreenshot":true,"handlesAlerts":false,"databaseEnabled":false,"locationContextEnabled":false,"applicationCacheEnabled":false,"browserConnectionEnabled":false,"cssSelectorsEnabled":true,"webStorageEnabled":false,"rotatable":false,"acceptSslCerts":false,"nativeEvents":true,"proxy":{"proxyType":"direct"}}
[INFO  - 2017-02-23T21:35:28.767Z] SessionManagerReqHand - _postNewSessionCommand - New Session Created: fecbee90-fa0f-11e6-af9c-214351f3e8a4
[INFO  - 2017-02-23T21:35:56.392Z] GhostDriver - Main - running on port 14627
[INFO  - 2017-02-23T21:35:56.860Z] Session [0f8abc70-fa10-11e6-bd3f-6399d575d263] - page.settings - {"XSSAuditingEnabled":false,"javascriptCanCloseWindows":true,"javascriptCanOpenWindows":true,"javascriptEnabled":true,"loadImages":true,"localToRemoteUrlAccessEnabled":false,"userAgent":"Mozilla/5.0 (Macintosh; Intel Mac OS X) AppleWebKit/538.1 (KHTML, like Gecko) PhantomJS/2.1.1 Safari/538.1","webSecurityEnabled":true}
[INFO  - 2017-02-23T21:35:56.860Z] Session [0f8abc70-fa10-11e6-bd3f-6399d575d263] - page.customHeaders:  - {}
[INFO  - 2017-02-23T21:35:56.860Z] Session [0f8abc70-fa10-11e6-bd3f-6399d575d263] - Session.negotiatedCapabilities - {"browserName":"phantomjs","version":"2.1.1","driverName":"ghostdriver","driverVersion":"1.2.0","platform":"mac-unknown-64bit","javascriptEnabled":true,"takesScreenshot":true,"handlesAlerts":false,"databaseEnabled":false,"locationContextEnabled":false,"applicationCacheEnabled":false,"browserConnectionEnabled":false,"cssSelectorsEnabled":true,"webStorageEnabled":false,"rotatable":false,"acceptSslCerts":false,"nativeEvents":true,"proxy":{"proxyType":"direct"}}
[INFO  - 2017-02-23T21:35:56.860Z] SessionManagerReqHand - _postNewSessionCommand - New Session Created: 0f8abc70-fa10-11e6-bd3f-6399d575d263
[INFO  - 2017-02-23T21:37:11.883Z] SessionManagerReqHand - _cleanupWindowlessSessions - Asynchronous Sessions clean-up phase starting NOW
[INFO  - 2017-02-23T21:37:11.883Z] SessionManagerReqHand - _cleanupWindowlessSessions - Deleted Session '89dfae50-fa0f-11e6-93ff-d31498f86a81', because windowless
[INFO  - 2017-02-23T21:37:12.006Z] GhostDriver - Main - running on port 22217
[INFO  - 2017-02-23T21:37:12.190Z] Session [3c7155a0-fa10-11e6-a7ab-0f0c88d780fb] - page.settings - {"XSSAuditingEnabled":false,"javascriptCanCloseWindows":true,"javascriptCanOpenWindows":true,"javascriptEnabled":true,"loadImages":true,"localToRemoteUrlAccessEnabled":false,"userAgent":"Mozilla/5.0 (Macintosh; Intel Mac OS X) AppleWebKit/538.1 (KHTML, like Gecko) PhantomJS/2.1.1 Safari/538.1","webSecurityEnabled":true}
[INFO  - 2017-02-23T21:37:12.190Z] Session [3c7155a0-fa10-11e6-a7ab-0f0c88d780fb] - page.customHeaders:  - {}
[INFO  - 2017-02-23T21:37:12.190Z] Session [3c7155a0-fa10-11e6-a7ab-0f0c88d780fb] - Session.negotiatedCapabilities - {"browserName":"phantomjs","version":"2.1.1","driverName":"ghostdriver","driverVersion":"1.2.0","platform":"mac-unknown-64bit","javascriptEnabled":true,"takesScreenshot":true,"handlesAlerts":false,"databaseEnabled":false,"locationContextEnabled":false,"applicationCacheEnabled":false,"browserConnectionEnabled":false,"cssSelectorsEnabled":true,"webStorageEnabled":false,"rotatable":false,"acceptSslCerts":false,"nativeEvents":true,"proxy":{"proxyType":"direct"}}
[INFO  - 2017-02-23T21:37:12.190Z] SessionManagerReqHand - _postNewSessionCommand - New Session Created: 3c7155a0-fa10-11e6-a7ab-0f0c88d780fb
[INFO  - 2017-02-23T21:37:54.883Z] SessionManagerReqHand - _cleanupWindowlessSessions - Asynchronous Sessions clean-up phase starting NOW
[INFO  - 2017-02-23T21:37:54.884Z] SessionManagerReqHand - _cleanupWindowlessSessions - Deleted Session 'a3000600-fa0f-11e6-ae08-1bca8d28bb96', because windowless
[INFO  - 2017-02-23T21:38:09.030Z] GhostDriver - Main - running on port 4498
[INFO  - 2017-02-23T21:38:09.218Z] Session [5e6f1de0-fa10-11e6-8122-c98adef55884] - page.settings - {"XSSAuditingEnabled":false,"javascriptCanCloseWindows":true,"javascriptCanOpenWindows":true,"javascriptEnabled":true,"loadImages":true,"localToRemoteUrlAccessEnabled":false,"userAgent":"Mozilla/5.0 (Macintosh; Intel Mac OS X) AppleWebKit/538.1 (KHTML, like Gecko) PhantomJS/2.1.1 Safari/538.1","webSecurityEnabled":true}
[INFO  - 2017-02-23T21:38:09.218Z] Session [5e6f1de0-fa10-11e6-8122-c98adef55884] - page.customHeaders:  - {}
[INFO  - 2017-02-23T21:38:09.218Z] Session [5e6f1de0-fa10-11e6-8122-c98adef55884] - Session.negotiatedCapabilities - {"browserName":"phantomjs","version":"2.1.1","driverName":"ghostdriver","driverVersion":"1.2.0","platform":"mac-unknown-64bit","javascriptEnabled":true,"takesScreenshot":true,"handlesAlerts":false,"databaseEnabled":false,"locationContextEnabled":false,"applicationCacheEnabled":false,"browserConnectionEnabled":false,"cssSelectorsEnabled":true,"webStorageEnabled":false,"rotatable":false,"acceptSslCerts":false,"nativeEvents":true,"proxy":{"proxyType":"direct"}}
[INFO  - 2017-02-23T21:38:09.218Z] SessionManagerReqHand - _postNewSessionCommand - New Session Created: 5e6f1de0-fa10-11e6-8122-c98adef55884
[INFO  - 2017-02-23T21:38:12.881Z] SessionManagerReqHand - _cleanupWindowlessSessions - Asynchronous Sessions clean-up phase starting NOW
[INFO  - 2017-02-23T21:38:12.881Z] SessionManagerReqHand - _cleanupWindowlessSessions - Deleted Session 'ade77760-fa0f-11e6-ae9c-ff2ff79266d3', because windowless
[INFO  - 2017-02-23T21:38:23.882Z] SessionManagerReqHand - _cleanupWindowlessSessions - Asynchronous Sessions clean-up phase starting NOW
[INFO  - 2017-02-23T21:38:23.882Z] SessionManagerReqHand - _cleanupWindowlessSessions - Deleted Session 'b4857f40-fa0f-11e6-b9c3-a325ae15a969', because windowless
[INFO  - 2017-02-23T21:39:10.462Z] SessionManagerReqHand - _cleanupWindowlessSessions - Asynchronous Sessions clean-up phase starting NOW
[INFO  - 2017-02-23T21:39:10.463Z] SessionManagerReqHand - _cleanupWindowlessSessions - Deleted Session 'd03c1230-fa0f-11e6-8aa5-8b4539dde1ca', because windowless
